<?xml version="1.0" encoding="UTF-8"?>
<!-- Generated by org.testng.reporters.JUnitReportReporter -->
<testsuite hostname="yerkhat-lenovo-g50" failures="0" tests="1" name="kz.beeline.test.testcases.RegistrationTest" time="10.264" errors="0" timestamp="17 Jun 2019 12:06:16 GMT">
  <testcase classname="kz.beeline.test.testcases.RegistrationTest" name="test" time="10.264"/>
</testsuite> <!-- kz.beeline.test.testcases.RegistrationTest -->
