<?xml version="1.0" encoding="UTF-8"?>
<!-- Generated by org.testng.reporters.JUnitReportReporter -->
<testsuite hostname="yerkhat-lenovo-g50" failures="0" tests="1" name="kz.beeline.test.testcases.RegistrationTest" time="150.252" errors="0" timestamp="17 Jun 2019 10:53:06 GMT">
  <testcase classname="kz.beeline.test.testcases.RegistrationTest" name="test" time="150.252"/>
</testsuite> <!-- kz.beeline.test.testcases.RegistrationTest -->
